# JRE version: OpenJDK Runtime Environment (8.0_232-b09) (build 1.8.0_232-b09)
# Java VM: OpenJDK 64-Bit Server VM (25.232-b09 mixed mode windows-amd64 compressed oops)
Heap:
 PSYoungGen      total 224768K, used 5739K [0x00000000eab00000, 0x00000000f9500000, 0x0000000100000000)
  eden space 209920K, 2% used [0x00000000eab00000,0x00000000eb09ad78,0x00000000f7800000)
  from space 14848K, 0% used [0x00000000f7800000,0x00000000f7800000,0x00000000f8680000)
  to   space 9728K, 0% used [0x00000000f8b80000,0x00000000f8b80000,0x00000000f9500000)
 ParOldGen       total 88064K, used 83099K [0x00000000c0000000, 0x00000000c5600000, 0x00000000eab00000)
  object space 88064K, 94% used [0x00000000c0000000,0x00000000c5126f80,0x00000000c5600000)
 Metaspace       used 54442K, capacity 55494K, committed 55640K, reserved 1097728K
  class space    used 7130K, capacity 7446K, committed 7552K, reserved 1048576K
GC Heap History (10 events):
Event: 47.308 GC heap before
{Heap before GC invocations=16 (full 2):
 PSYoungGen      total 177664K, used 164968K [0x00000000eab00000, 0x00000000f9980000, 0x0000000100000000)
  eden space 163840K, 100% used [0x00000000eab00000,0x00000000f4b00000,0x00000000f4b00000)
  from space 13824K, 8% used [0x00000000f4b00000,0x00000000f4c1a078,0x00000000f5880000)
  to   space 14336K, 0% used [0x00000000f8b80000,0x00000000f8b80000,0x00000000f9980000)
 ParOldGen       total 88064K, used 22510K [0x00000000c0000000, 0x00000000c5600000, 0x00000000eab00000)
  object space 88064K, 25% used [0x00000000c0000000,0x00000000c15fba10,0x00000000c5600000)
 Metaspace       used 45475K, capacity 46434K, committed 46808K, reserved 1089536K
  class space    used 6235K, capacity 6540K, committed 6656K, reserved 1048576K
Event: 47.312 GC heap after
Heap after GC invocations=16 (full 2):
 PSYoungGen      total 219648K, used 768K [0x00000000eab00000, 0x00000000f9500000, 0x0000000100000000)
  eden space 209920K, 0% used [0x00000000eab00000,0x00000000eab00000,0x00000000f7800000)
  from space 9728K, 7% used [0x00000000f8b80000,0x00000000f8c40000,0x00000000f9500000)
  to   space 14848K, 0% used [0x00000000f7800000,0x00000000f7800000,0x00000000f8680000)
 ParOldGen       total 88064K, used 22826K [0x00000000c0000000, 0x00000000c5600000, 0x00000000eab00000)
  object space 88064K, 25% used [0x00000000c0000000,0x00000000c164aa70,0x00000000c5600000)
 Metaspace       used 45475K, capacity 46434K, committed 46808K, reserved 1089536K
  class space    used 6235K, capacity 6540K, committed 6656K, reserved 1048576K
}
Event: 53.088 GC heap before
{Heap before GC invocations=17 (full 2):
 PSYoungGen      total 219648K, used 210688K [0x00000000eab00000, 0x00000000f9500000, 0x0000000100000000)
  eden space 209920K, 100% used [0x00000000eab00000,0x00000000f7800000,0x00000000f7800000)
  from space 9728K, 7% used [0x00000000f8b80000,0x00000000f8c40000,0x00000000f9500000)
  to   space 14848K, 0% used [0x00000000f7800000,0x00000000f7800000,0x00000000f8680000)
 ParOldGen       total 88064K, used 22826K [0x00000000c0000000, 0x00000000c5600000, 0x00000000eab00000)
  object space 88064K, 25% used [0x00000000c0000000,0x00000000c164aa70,0x00000000c5600000)
 Metaspace       used 45936K, capacity 46946K, committed 47320K, reserved 1089536K
  class space    used 6263K, capacity 6540K, committed 6656K, reserved 1048576K
Event: 53.113 GC heap after
Heap after GC invocations=17 (full 2):
 PSYoungGen      total 224768K, used 6488K [0x00000000eab00000, 0x00000000f9500000, 0x0000000100000000)
  eden space 209920K, 0% used [0x00000000eab00000,0x00000000eab00000,0x00000000f7800000)
  from space 14848K, 43% used [0x00000000f7800000,0x00000000f7e561b8,0x00000000f8680000)
  to   space 9728K, 0% used [0x00000000f8b80000,0x00000000f8b80000,0x00000000f9500000)
 ParOldGen       total 88064K, used 22834K [0x00000000c0000000, 0x00000000c5600000, 0x00000000eab00000)
  object space 88064K, 25% used [0x00000000c0000000,0x00000000c164ca70,0x00000000c5600000)
 Metaspace       used 45936K, capacity 46946K, committed 47320K, reserved 1089536K
  class space    used 6263K, capacity 6540K, committed 6656K, reserved 1048576K
}
Event: 57.306 GC heap before
{Heap before GC invocations=18 (full 2):
 PSYoungGen      total 224768K, used 216408K [0x00000000eab00000, 0x00000000f9500000, 0x0000000100000000)
  eden space 209920K, 100% used [0x00000000eab00000,0x00000000f7800000,0x00000000f7800000)
  from space 14848K, 43% used [0x00000000f7800000,0x00000000f7e561b8,0x00000000f8680000)
  to   space 9728K, 0% used [0x00000000f8b80000,0x00000000f8b80000,0x00000000f9500000)
 ParOldGen       total 88064K, used 22834K [0x00000000c0000000, 0x00000000c5600000, 0x00000000eab00000)
  object space 88064K, 25% used [0x00000000c0000000,0x00000000c164ca70,0x00000000c5600000)
 Metaspace       used 52258K, capacity 53286K, committed 53336K, reserved 1095680K
  class space    used 6982K, capacity 7286K, committed 7296K, reserved 1048576K
Event: 57.433 GC heap after
Heap after GC invocations=18 (full 2):
 PSYoungGen      total 219648K, used 9705K [0x00000000eab00000, 0x00000000f9500000, 0x0000000100000000)
  eden space 209920K, 0% used [0x00000000eab00000,0x00000000eab00000,0x00000000f7800000)
  from space 9728K, 99% used [0x00000000f8b80000,0x00000000f94fa498,0x00000000f9500000)
  to   space 14848K, 0% used [0x00000000f7800000,0x00000000f7800000,0x00000000f8680000)
 ParOldGen       total 88064K, used 60624K [0x00000000c0000000, 0x00000000c5600000, 0x00000000eab00000)
  object space 88064K, 68% used [0x00000000c0000000,0x00000000c3b34038,0x00000000c5600000)
 Metaspace       used 52258K, capacity 53286K, committed 53336K, reserved 1095680K
  class space    used 6982K, capacity 7286K, committed 7296K, reserved 1048576K
}
Event: 65.004 GC heap before
{Heap before GC invocations=19 (full 2):
 PSYoungGen      total 219648K, used 219625K [0x00000000eab00000, 0x00000000f9500000, 0x0000000100000000)
  eden space 209920K, 100% used [0x00000000eab00000,0x00000000f7800000,0x00000000f7800000)
  from space 9728K, 99% used [0x00000000f8b80000,0x00000000f94fa498,0x00000000f9500000)
  to   space 14848K, 0% used [0x00000000f7800000,0x00000000f7800000,0x00000000f8680000)
 ParOldGen       total 88064K, used 60624K [0x00000000c0000000, 0x00000000c5600000, 0x00000000eab00000)
  object space 88064K, 68% used [0x00000000c0000000,0x00000000c3b34038,0x00000000c5600000)
 Metaspace       used 54442K, capacity 55494K, committed 55640K, reserved 1097728K
  class space    used 7130K, capacity 7446K, committed 7552K, reserved 1048576K
Event: 65.072 GC heap after
Heap after GC invocations=19 (full 2):
 PSYoungGen      total 224768K, used 14819K [0x00000000eab00000, 0x00000000f9500000, 0x0000000100000000)
  eden space 209920K, 0% used [0x00000000eab00000,0x00000000eab00000,0x00000000f7800000)
  from space 14848K, 99% used [0x00000000f7800000,0x00000000f8678df0,0x00000000f8680000)
  to   space 9728K, 0% used [0x00000000f8b80000,0x00000000f8b80000,0x00000000f9500000)
 ParOldGen       total 88064K, used 85520K [0x00000000c0000000, 0x00000000c5600000, 0x00000000eab00000)
  object space 88064K, 97% used [0x00000000c0000000,0x00000000c5384060,0x00000000c5600000)
 Metaspace       used 54442K, capacity 55494K, committed 55640K, reserved 1097728K
  class space    used 7130K, capacity 7446K, committed 7552K, reserved 1048576K
}
Event: 65.072 GC heap before
{Heap before GC invocations=20 (full 3):
 PSYoungGen      total 224768K, used 14819K [0x00000000eab00000, 0x00000000f9500000, 0x0000000100000000)
  eden space 209920K, 0% used [0x00000000eab00000,0x00000000eab00000,0x00000000f7800000)
  from space 14848K, 99% used [0x00000000f7800000,0x00000000f8678df0,0x00000000f8680000)
  to   space 9728K, 0% used [0x00000000f8b80000,0x00000000f8b80000,0x00000000f9500000)
 ParOldGen       total 88064K, used 85520K [0x00000000c0000000, 0x00000000c5600000, 0x00000000eab00000)
  object space 88064K, 97% used [0x00000000c0000000,0x00000000c5384060,0x00000000c5600000)
 Metaspace       used 54442K, capacity 55494K, committed 55640K, reserved 1097728K
  class space    used 7130K, capacity 7446K, committed 7552K, reserved 1048576K
Event: 65.826 GC heap after
Heap after GC invocations=20 (full 3):
 PSYoungGen      total 224768K, used 0K [0x00000000eab00000, 0x00000000f9500000, 0x0000000100000000)
  eden space 209920K, 0% used [0x00000000eab00000,0x00000000eab00000,0x00000000f7800000)
  from space 14848K, 0% used [0x00000000f7800000,0x00000000f7800000,0x00000000f8680000)
  to   space 9728K, 0% used [0x00000000f8b80000,0x00000000f8b80000,0x00000000f9500000)
 ParOldGen       total 88064K, used 83099K [0x00000000c0000000, 0x00000000c5600000, 0x00000000eab00000)
  object space 88064K, 94% used [0x00000000c0000000,0x00000000c5126f80,0x00000000c5600000)
 Metaspace       used 54442K, capacity 55494K, committed 55640K, reserved 1097728K
  class space    used 7130K, capacity 7446K, committed 7552K, reserved 1048576K
}

