# JRE version: OpenJDK Runtime Environment (8.0_232-b09) (build 1.8.0_232-b09)
# Java VM: OpenJDK 64-Bit Server VM (25.232-b09 mixed mode windows-amd64 compressed oops)
Heap:
 PSYoungGen      total 128000K, used 80950K [0x00000000eab00000, 0x00000000f3700000, 0x0000000100000000)
  eden space 116224K, 59% used [0x00000000eab00000,0x00000000eee92a50,0x00000000f1c80000)
  from space 11776K, 99% used [0x00000000f1c80000,0x00000000f27faf90,0x00000000f2800000)
  to   space 11776K, 0% used [0x00000000f2800000,0x00000000f2800000,0x00000000f3380000)
 ParOldGen       total 98304K, used 49491K [0x00000000c0000000, 0x00000000c6000000, 0x00000000eab00000)
  object space 98304K, 50% used [0x00000000c0000000,0x00000000c3054cf0,0x00000000c6000000)
 Metaspace       used 43504K, capacity 44636K, committed 44760K, reserved 1087488K
  class space    used 5980K, capacity 6285K, committed 6400K, reserved 1048576K
GC Heap History (10 events):
Event: 13.256 GC heap before
{Heap before GC invocations=11 (full 2):
 PSYoungGen      total 84992K, used 8801K [0x00000000eab00000, 0x00000000f2180000, 0x0000000100000000)
  eden space 73728K, 0% used [0x00000000eab00000,0x00000000eab00000,0x00000000ef300000)
  from space 11264K, 78% used [0x00000000ef300000,0x00000000efb986a0,0x00000000efe00000)
  to   space 11776K, 0% used [0x00000000f1600000,0x00000000f1600000,0x00000000f2180000)
 ParOldGen       total 64512K, used 9491K [0x00000000c0000000, 0x00000000c3f00000, 0x00000000eab00000)
  object space 64512K, 14% used [0x00000000c0000000,0x00000000c0944c28,0x00000000c3f00000)
 Metaspace       used 34812K, capacity 35388K, committed 35416K, reserved 1079296K
  class space    used 4731K, capacity 4971K, committed 4992K, reserved 1048576K
Event: 13.367 GC heap after
Heap after GC invocations=11 (full 2):
 PSYoungGen      total 84992K, used 0K [0x00000000eab00000, 0x00000000f2180000, 0x0000000100000000)
  eden space 73728K, 0% used [0x00000000eab00000,0x00000000eab00000,0x00000000ef300000)
  from space 11264K, 0% used [0x00000000ef300000,0x00000000ef300000,0x00000000efe00000)
  to   space 11776K, 0% used [0x00000000f1600000,0x00000000f1600000,0x00000000f2180000)
 ParOldGen       total 98304K, used 15471K [0x00000000c0000000, 0x00000000c6000000, 0x00000000eab00000)
  object space 98304K, 15% used [0x00000000c0000000,0x00000000c0f1bf70,0x00000000c6000000)
 Metaspace       used 34812K, capacity 35388K, committed 35416K, reserved 1079296K
  class space    used 4731K, capacity 4971K, committed 4992K, reserved 1048576K
}
Event: 14.933 GC heap before
{Heap before GC invocations=12 (full 2):
 PSYoungGen      total 84992K, used 73319K [0x00000000eab00000, 0x00000000f2180000, 0x0000000100000000)
  eden space 73728K, 99% used [0x00000000eab00000,0x00000000ef299d78,0x00000000ef300000)
  from space 11264K, 0% used [0x00000000ef300000,0x00000000ef300000,0x00000000efe00000)
  to   space 11776K, 0% used [0x00000000f1600000,0x00000000f1600000,0x00000000f2180000)
 ParOldGen       total 98304K, used 15471K [0x00000000c0000000, 0x00000000c6000000, 0x00000000eab00000)
  object space 98304K, 15% used [0x00000000c0000000,0x00000000c0f1bf70,0x00000000c6000000)
 Metaspace       used 39495K, capacity 40304K, committed 40536K, reserved 1083392K
  class space    used 5449K, capacity 5731K, committed 5760K, reserved 1048576K
Event: 14.945 GC heap after
Heap after GC invocations=12 (full 2):
 PSYoungGen      total 99328K, used 7138K [0x00000000eab00000, 0x00000000f1d00000, 0x0000000100000000)
  eden space 92160K, 0% used [0x00000000eab00000,0x00000000eab00000,0x00000000f0500000)
  from space 7168K, 99% used [0x00000000f1600000,0x00000000f1cf8a18,0x00000000f1d00000)
  to   space 11264K, 0% used [0x00000000f0700000,0x00000000f0700000,0x00000000f1200000)
 ParOldGen       total 98304K, used 15479K [0x00000000c0000000, 0x00000000c6000000, 0x00000000eab00000)
  object space 98304K, 15% used [0x00000000c0000000,0x00000000c0f1df70,0x00000000c6000000)
 Metaspace       used 39495K, capacity 40304K, committed 40536K, reserved 1083392K
  class space    used 5449K, capacity 5731K, committed 5760K, reserved 1048576K
}
Event: 16.215 GC heap before
{Heap before GC invocations=13 (full 2):
 PSYoungGen      total 99328K, used 96162K [0x00000000eab00000, 0x00000000f1d00000, 0x0000000100000000)
  eden space 92160K, 96% used [0x00000000eab00000,0x00000000f01f00c8,0x00000000f0500000)
  from space 7168K, 99% used [0x00000000f1600000,0x00000000f1cf8a18,0x00000000f1d00000)
  to   space 11264K, 0% used [0x00000000f0700000,0x00000000f0700000,0x00000000f1200000)
 ParOldGen       total 98304K, used 15479K [0x00000000c0000000, 0x00000000c6000000, 0x00000000eab00000)
  object space 98304K, 15% used [0x00000000c0000000,0x00000000c0f1df70,0x00000000c6000000)
 Metaspace       used 40815K, capacity 41688K, committed 41944K, reserved 1085440K
  class space    used 5571K, capacity 5837K, committed 5888K, reserved 1048576K
Event: 16.234 GC heap after
Heap after GC invocations=13 (full 2):
 PSYoungGen      total 105472K, used 8789K [0x00000000eab00000, 0x00000000f3380000, 0x0000000100000000)
  eden space 94208K, 0% used [0x00000000eab00000,0x00000000eab00000,0x00000000f0700000)
  from space 11264K, 78% used [0x00000000f0700000,0x00000000f0f95510,0x00000000f1200000)
  to   space 11776K, 0% used [0x00000000f2800000,0x00000000f2800000,0x00000000f3380000)
 ParOldGen       total 98304K, used 36031K [0x00000000c0000000, 0x00000000c6000000, 0x00000000eab00000)
  object space 98304K, 36% used [0x00000000c0000000,0x00000000c232ffb0,0x00000000c6000000)
 Metaspace       used 40815K, capacity 41688K, committed 41944K, reserved 1085440K
  class space    used 5571K, capacity 5837K, committed 5888K, reserved 1048576K
}
Event: 16.705 GC heap before
{Heap before GC invocations=14 (full 2):
 PSYoungGen      total 105472K, used 102997K [0x00000000eab00000, 0x00000000f3380000, 0x0000000100000000)
  eden space 94208K, 100% used [0x00000000eab00000,0x00000000f0700000,0x00000000f0700000)
  from space 11264K, 78% used [0x00000000f0700000,0x00000000f0f95510,0x00000000f1200000)
  to   space 11776K, 0% used [0x00000000f2800000,0x00000000f2800000,0x00000000f3380000)
 ParOldGen       total 98304K, used 36031K [0x00000000c0000000, 0x00000000c6000000, 0x00000000eab00000)
  object space 98304K, 36% used [0x00000000c0000000,0x00000000c232ffb0,0x00000000c6000000)
 Metaspace       used 41127K, capacity 42068K, committed 42328K, reserved 1085440K
  class space    used 5621K, capacity 5889K, committed 6016K, reserved 1048576K
Event: 16.714 GC heap after
Heap after GC invocations=14 (full 2):
 PSYoungGen      total 128000K, used 4736K [0x00000000eab00000, 0x00000000f3700000, 0x0000000100000000)
  eden space 116224K, 0% used [0x00000000eab00000,0x00000000eab00000,0x00000000f1c80000)
  from space 11776K, 40% used [0x00000000f2800000,0x00000000f2ca0030,0x00000000f3380000)
  to   space 11776K, 0% used [0x00000000f1c80000,0x00000000f1c80000,0x00000000f2800000)
 ParOldGen       total 98304K, used 36039K [0x00000000c0000000, 0x00000000c6000000, 0x00000000eab00000)
  object space 98304K, 36% used [0x00000000c0000000,0x00000000c2331fb0,0x00000000c6000000)
 Metaspace       used 41127K, capacity 42068K, committed 42328K, reserved 1085440K
  class space    used 5621K, capacity 5889K, committed 6016K, reserved 1048576K
}
Event: 17.674 GC heap before
{Heap before GC invocations=15 (full 2):
 PSYoungGen      total 128000K, used 120960K [0x00000000eab00000, 0x00000000f3700000, 0x0000000100000000)
  eden space 116224K, 100% used [0x00000000eab00000,0x00000000f1c80000,0x00000000f1c80000)
  from space 11776K, 40% used [0x00000000f2800000,0x00000000f2ca0030,0x00000000f3380000)
  to   space 11776K, 0% used [0x00000000f1c80000,0x00000000f1c80000,0x00000000f2800000)
 ParOldGen       total 98304K, used 36039K [0x00000000c0000000, 0x00000000c6000000, 0x00000000eab00000)
  object space 98304K, 36% used [0x00000000c0000000,0x00000000c2331fb0,0x00000000c6000000)
 Metaspace       used 43382K, capacity 44460K, committed 44760K, reserved 1087488K
  class space    used 5970K, capacity 6277K, committed 6400K, reserved 1048576K
Event: 17.709 GC heap after
Heap after GC invocations=15 (full 2):
 PSYoungGen      total 128000K, used 11755K [0x00000000eab00000, 0x00000000f3700000, 0x0000000100000000)
  eden space 116224K, 0% used [0x00000000eab00000,0x00000000eab00000,0x00000000f1c80000)
  from space 11776K, 99% used [0x00000000f1c80000,0x00000000f27faf90,0x00000000f2800000)
  to   space 11776K, 0% used [0x00000000f2800000,0x00000000f2800000,0x00000000f3380000)
 ParOldGen       total 98304K, used 49491K [0x00000000c0000000, 0x00000000c6000000, 0x00000000eab00000)
  object space 98304K, 50% used [0x00000000c0000000,0x00000000c3054cf0,0x00000000c6000000)
 Metaspace       used 43382K, capacity 44460K, committed 44760K, reserved 1087488K
  class space    used 5970K, capacity 6277K, committed 6400K, reserved 1048576K
}

