# JRE version: OpenJDK Runtime Environment (8.0_232-b09) (build 1.8.0_232-b09)
# Java VM: OpenJDK 64-Bit Server VM (25.232-b09 mixed mode windows-amd64 compressed oops)
Heap:
 PSYoungGen      total 128000K, used 74615K [0x00000000eab00000, 0x00000000f3780000, 0x0000000100000000)
  eden space 117248K, 56% used [0x00000000eab00000,0x00000000eebc7868,0x00000000f1d80000)
  from space 10752K, 77% used [0x00000000f2d00000,0x00000000f3516660,0x00000000f3780000)
  to   space 13312K, 0% used [0x00000000f1d80000,0x00000000f1d80000,0x00000000f2a80000)
 ParOldGen       total 77312K, used 23757K [0x00000000c0000000, 0x00000000c4b80000, 0x00000000eab00000)
  object space 77312K, 30% used [0x00000000c0000000,0x00000000c17334f0,0x00000000c4b80000)
 Metaspace       used 51630K, capacity 53124K, committed 53160K, reserved 1095680K
  class space    used 6953K, capacity 7332K, committed 7336K, reserved 1048576K
GC Heap History (10 events):
Event: 12.650 GC heap before
{Heap before GC invocations=12 (full 2):
 PSYoungGen      total 104448K, used 8451K [0x00000000eab00000, 0x00000000f1e00000, 0x0000000100000000)
  eden space 92672K, 0% used [0x00000000eab00000,0x00000000eab00000,0x00000000f0580000)
  from space 11776K, 71% used [0x00000000f1180000,0x00000000f19c0de0,0x00000000f1d00000)
  to   space 12288K, 0% used [0x00000000f0580000,0x00000000f0580000,0x00000000f1180000)
 ParOldGen       total 49664K, used 9849K [0x00000000c0000000, 0x00000000c3080000, 0x00000000eab00000)
  object space 49664K, 19% used [0x00000000c0000000,0x00000000c099e7c8,0x00000000c3080000)
 Metaspace       used 34681K, capacity 35390K, committed 35496K, reserved 1079296K
  class space    used 4717K, capacity 4969K, committed 5032K, reserved 1048576K
Event: 12.858 GC heap after
Heap after GC invocations=12 (full 2):
 PSYoungGen      total 104448K, used 0K [0x00000000eab00000, 0x00000000f1e00000, 0x0000000100000000)
  eden space 92672K, 0% used [0x00000000eab00000,0x00000000eab00000,0x00000000f0580000)
  from space 11776K, 0% used [0x00000000f1180000,0x00000000f1180000,0x00000000f1d00000)
  to   space 12288K, 0% used [0x00000000f0580000,0x00000000f0580000,0x00000000f1180000)
 ParOldGen       total 77312K, used 17726K [0x00000000c0000000, 0x00000000c4b80000, 0x00000000eab00000)
  object space 77312K, 22% used [0x00000000c0000000,0x00000000c114fa88,0x00000000c4b80000)
 Metaspace       used 34634K, capacity 35258K, committed 35496K, reserved 1079296K
  class space    used 4703K, capacity 4925K, committed 5032K, reserved 1048576K
}
Event: 16.225 GC heap before
{Heap before GC invocations=13 (full 2):
 PSYoungGen      total 104448K, used 92672K [0x00000000eab00000, 0x00000000f1e00000, 0x0000000100000000)
  eden space 92672K, 100% used [0x00000000eab00000,0x00000000f0580000,0x00000000f0580000)
  from space 11776K, 0% used [0x00000000f1180000,0x00000000f1180000,0x00000000f1d00000)
  to   space 12288K, 0% used [0x00000000f0580000,0x00000000f0580000,0x00000000f1180000)
 ParOldGen       total 77312K, used 17726K [0x00000000c0000000, 0x00000000c4b80000, 0x00000000eab00000)
  object space 77312K, 22% used [0x00000000c0000000,0x00000000c114fa88,0x00000000c4b80000)
 Metaspace       used 43733K, capacity 44706K, committed 44968K, reserved 1087488K
  class space    used 5904K, capacity 6196K, committed 6312K, reserved 1048576K
Event: 16.257 GC heap after
Heap after GC invocations=13 (full 2):
 PSYoungGen      total 104960K, used 12087K [0x00000000eab00000, 0x00000000f3a00000, 0x0000000100000000)
  eden space 92672K, 0% used [0x00000000eab00000,0x00000000eab00000,0x00000000f0580000)
  from space 12288K, 98% used [0x00000000f0580000,0x00000000f114dc90,0x00000000f1180000)
  to   space 13312K, 0% used [0x00000000f2d00000,0x00000000f2d00000,0x00000000f3a00000)
 ParOldGen       total 77312K, used 17734K [0x00000000c0000000, 0x00000000c4b80000, 0x00000000eab00000)
  object space 77312K, 22% used [0x00000000c0000000,0x00000000c1151a88,0x00000000c4b80000)
 Metaspace       used 43733K, capacity 44706K, committed 44968K, reserved 1087488K
  class space    used 5904K, capacity 6196K, committed 6312K, reserved 1048576K
}
Event: 17.720 GC heap before
{Heap before GC invocations=14 (full 2):
 PSYoungGen      total 104960K, used 104373K [0x00000000eab00000, 0x00000000f3a00000, 0x0000000100000000)
  eden space 92672K, 99% used [0x00000000eab00000,0x00000000f051f7f8,0x00000000f0580000)
  from space 12288K, 98% used [0x00000000f0580000,0x00000000f114dc90,0x00000000f1180000)
  to   space 13312K, 0% used [0x00000000f2d00000,0x00000000f2d00000,0x00000000f3a00000)
 ParOldGen       total 77312K, used 17734K [0x00000000c0000000, 0x00000000c4b80000, 0x00000000eab00000)
  object space 77312K, 22% used [0x00000000c0000000,0x00000000c1151a88,0x00000000c4b80000)
 Metaspace       used 45295K, capacity 46414K, committed 46632K, reserved 1089536K
  class space    used 6069K, capacity 6398K, committed 6440K, reserved 1048576K
Event: 17.733 GC heap after
Heap after GC invocations=14 (full 2):
 PSYoungGen      total 128000K, used 5668K [0x00000000eab00000, 0x00000000f3780000, 0x0000000100000000)
  eden space 117248K, 0% used [0x00000000eab00000,0x00000000eab00000,0x00000000f1d80000)
  from space 10752K, 52% used [0x00000000f2d00000,0x00000000f32892d0,0x00000000f3780000)
  to   space 13312K, 0% used [0x00000000f1d80000,0x00000000f1d80000,0x00000000f2a80000)
 ParOldGen       total 77312K, used 23741K [0x00000000c0000000, 0x00000000c4b80000, 0x00000000eab00000)
  object space 77312K, 30% used [0x00000000c0000000,0x00000000c172f4f0,0x00000000c4b80000)
 Metaspace       used 45295K, capacity 46414K, committed 46632K, reserved 1089536K
  class space    used 6069K, capacity 6398K, committed 6440K, reserved 1048576K
}
Event: 18.454 GC heap before
{Heap before GC invocations=15 (full 2):
 PSYoungGen      total 128000K, used 122916K [0x00000000eab00000, 0x00000000f3780000, 0x0000000100000000)
  eden space 117248K, 100% used [0x00000000eab00000,0x00000000f1d80000,0x00000000f1d80000)
  from space 10752K, 52% used [0x00000000f2d00000,0x00000000f32892d0,0x00000000f3780000)
  to   space 13312K, 0% used [0x00000000f1d80000,0x00000000f1d80000,0x00000000f2a80000)
 ParOldGen       total 77312K, used 23741K [0x00000000c0000000, 0x00000000c4b80000, 0x00000000eab00000)
  object space 77312K, 30% used [0x00000000c0000000,0x00000000c172f4f0,0x00000000c4b80000)
 Metaspace       used 46344K, capacity 47626K, committed 47912K, reserved 1091584K
  class space    used 6241K, capacity 6579K, committed 6696K, reserved 1048576K
Event: 18.460 GC heap after
Heap after GC invocations=15 (full 2):
 PSYoungGen      total 130560K, used 2229K [0x00000000eab00000, 0x00000000f3780000, 0x0000000100000000)
  eden space 117248K, 0% used [0x00000000eab00000,0x00000000eab00000,0x00000000f1d80000)
  from space 13312K, 16% used [0x00000000f1d80000,0x00000000f1fad7b0,0x00000000f2a80000)
  to   space 10752K, 0% used [0x00000000f2d00000,0x00000000f2d00000,0x00000000f3780000)
 ParOldGen       total 77312K, used 23749K [0x00000000c0000000, 0x00000000c4b80000, 0x00000000eab00000)
  object space 77312K, 30% used [0x00000000c0000000,0x00000000c17314f0,0x00000000c4b80000)
 Metaspace       used 46344K, capacity 47626K, committed 47912K, reserved 1091584K
  class space    used 6241K, capacity 6579K, committed 6696K, reserved 1048576K
}
Event: 19.963 GC heap before
{Heap before GC invocations=16 (full 2):
 PSYoungGen      total 130560K, used 117808K [0x00000000eab00000, 0x00000000f3780000, 0x0000000100000000)
  eden space 117248K, 98% used [0x00000000eab00000,0x00000000f1bde998,0x00000000f1d80000)
  from space 13312K, 16% used [0x00000000f1d80000,0x00000000f1fad7b0,0x00000000f2a80000)
  to   space 10752K, 0% used [0x00000000f2d00000,0x00000000f2d00000,0x00000000f3780000)
 ParOldGen       total 77312K, used 23749K [0x00000000c0000000, 0x00000000c4b80000, 0x00000000eab00000)
  object space 77312K, 30% used [0x00000000c0000000,0x00000000c17314f0,0x00000000c4b80000)
 Metaspace       used 50679K, capacity 52110K, committed 52264K, reserved 1093632K
  class space    used 6838K, capacity 7196K, committed 7208K, reserved 1048576K
Event: 19.973 GC heap after
Heap after GC invocations=16 (full 2):
 PSYoungGen      total 128000K, used 8281K [0x00000000eab00000, 0x00000000f3780000, 0x0000000100000000)
  eden space 117248K, 0% used [0x00000000eab00000,0x00000000eab00000,0x00000000f1d80000)
  from space 10752K, 77% used [0x00000000f2d00000,0x00000000f3516660,0x00000000f3780000)
  to   space 13312K, 0% used [0x00000000f1d80000,0x00000000f1d80000,0x00000000f2a80000)
 ParOldGen       total 77312K, used 23757K [0x00000000c0000000, 0x00000000c4b80000, 0x00000000eab00000)
  object space 77312K, 30% used [0x00000000c0000000,0x00000000c17334f0,0x00000000c4b80000)
 Metaspace       used 50679K, capacity 52110K, committed 52264K, reserved 1093632K
  class space    used 6838K, capacity 7196K, committed 7208K, reserved 1048576K
}

