# JRE version: OpenJDK Runtime Environment (8.0_232-b09) (build 1.8.0_232-b09)
# Java VM: OpenJDK 64-Bit Server VM (25.232-b09 mixed mode windows-amd64 compressed oops)
Heap:
 PSYoungGen      total 204288K, used 51658K [0x00000000eab00000, 0x00000000f9080000, 0x0000000100000000)
  eden space 193536K, 21% used [0x00000000eab00000,0x00000000ed313f90,0x00000000f6800000)
  from space 10752K, 98% used [0x00000000f8600000,0x00000000f905eaf8,0x00000000f9080000)
  to   space 15360K, 0% used [0x00000000f7280000,0x00000000f7280000,0x00000000f8180000)
 ParOldGen       total 71168K, used 30131K [0x00000000c0000000, 0x00000000c4580000, 0x00000000eab00000)
  object space 71168K, 42% used [0x00000000c0000000,0x00000000c1d6cda8,0x00000000c4580000)
 Metaspace       used 49710K, capacity 50786K, committed 50904K, reserved 1093632K
  class space    used 6776K, capacity 7108K, committed 7168K, reserved 1048576K
GC Heap History (10 events):
Event: 21.398 GC heap before
{Heap before GC invocations=12 (full 2):
 PSYoungGen      total 109568K, used 90211K [0x00000000eab00000, 0x00000000f5600000, 0x0000000100000000)
  eden space 97792K, 92% used [0x00000000eab00000,0x00000000f0318c38,0x00000000f0a80000)
  from space 11776K, 0% used [0x00000000f0a80000,0x00000000f0a80000,0x00000000f1600000)
  to   space 11264K, 0% used [0x00000000f4b00000,0x00000000f4b00000,0x00000000f5600000)
 ParOldGen       total 71168K, used 14536K [0x00000000c0000000, 0x00000000c4580000, 0x00000000eab00000)
  object space 71168K, 20% used [0x00000000c0000000,0x00000000c0e320f0,0x00000000c4580000)
 Metaspace       used 40282K, capacity 41028K, committed 41176K, reserved 1085440K
  class space    used 5537K, capacity 5796K, committed 5888K, reserved 1048576K
Event: 21.434 GC heap after
Heap after GC invocations=12 (full 2):
 PSYoungGen      total 154112K, used 11259K [0x00000000eab00000, 0x00000000f5600000, 0x0000000100000000)
  eden space 142848K, 0% used [0x00000000eab00000,0x00000000eab00000,0x00000000f3680000)
  from space 11264K, 99% used [0x00000000f4b00000,0x00000000f55feed0,0x00000000f5600000)
  to   space 15360K, 0% used [0x00000000f3800000,0x00000000f3800000,0x00000000f4700000)
 ParOldGen       total 71168K, used 22138K [0x00000000c0000000, 0x00000000c4580000, 0x00000000eab00000)
  object space 71168K, 31% used [0x00000000c0000000,0x00000000c159ea68,0x00000000c4580000)
 Metaspace       used 40282K, capacity 41028K, committed 41176K, reserved 1085440K
  class space    used 5537K, capacity 5796K, committed 5888K, reserved 1048576K
}
Event: 22.384 GC heap before
{Heap before GC invocations=13 (full 2):
 PSYoungGen      total 154112K, used 149377K [0x00000000eab00000, 0x00000000f5600000, 0x0000000100000000)
  eden space 142848K, 96% used [0x00000000eab00000,0x00000000f31e1800,0x00000000f3680000)
  from space 11264K, 99% used [0x00000000f4b00000,0x00000000f55feed0,0x00000000f5600000)
  to   space 15360K, 0% used [0x00000000f3800000,0x00000000f3800000,0x00000000f4700000)
 ParOldGen       total 71168K, used 22138K [0x00000000c0000000, 0x00000000c4580000, 0x00000000eab00000)
  object space 71168K, 31% used [0x00000000c0000000,0x00000000c159ea68,0x00000000c4580000)
 Metaspace       used 40603K, capacity 41404K, committed 41688K, reserved 1085440K
  class space    used 5553K, capacity 5830K, committed 5888K, reserved 1048576K
Event: 22.435 GC heap after
Heap after GC invocations=13 (full 2):
 PSYoungGen      total 159744K, used 8752K [0x00000000eab00000, 0x00000000f9480000, 0x0000000100000000)
  eden space 144384K, 0% used [0x00000000eab00000,0x00000000eab00000,0x00000000f3800000)
  from space 15360K, 56% used [0x00000000f3800000,0x00000000f408c090,0x00000000f4700000)
  to   space 14848K, 0% used [0x00000000f8600000,0x00000000f8600000,0x00000000f9480000)
 ParOldGen       total 71168K, used 66860K [0x00000000c0000000, 0x00000000c4580000, 0x00000000eab00000)
  object space 71168K, 93% used [0x00000000c0000000,0x00000000c414b318,0x00000000c4580000)
 Metaspace       used 40603K, capacity 41404K, committed 41688K, reserved 1085440K
  class space    used 5553K, capacity 5830K, committed 5888K, reserved 1048576K
}
Event: 22.435 GC heap before
{Heap before GC invocations=14 (full 3):
 PSYoungGen      total 159744K, used 8752K [0x00000000eab00000, 0x00000000f9480000, 0x0000000100000000)
  eden space 144384K, 0% used [0x00000000eab00000,0x00000000eab00000,0x00000000f3800000)
  from space 15360K, 56% used [0x00000000f3800000,0x00000000f408c090,0x00000000f4700000)
  to   space 14848K, 0% used [0x00000000f8600000,0x00000000f8600000,0x00000000f9480000)
 ParOldGen       total 71168K, used 66860K [0x00000000c0000000, 0x00000000c4580000, 0x00000000eab00000)
  object space 71168K, 93% used [0x00000000c0000000,0x00000000c414b318,0x00000000c4580000)
 Metaspace       used 40603K, capacity 41404K, committed 41688K, reserved 1085440K
  class space    used 5553K, capacity 5830K, committed 5888K, reserved 1048576K
Event: 22.655 GC heap after
Heap after GC invocations=14 (full 3):
 PSYoungGen      total 159744K, used 0K [0x00000000eab00000, 0x00000000f9480000, 0x0000000100000000)
  eden space 144384K, 0% used [0x00000000eab00000,0x00000000eab00000,0x00000000f3800000)
  from space 15360K, 0% used [0x00000000f3800000,0x00000000f3800000,0x00000000f4700000)
  to   space 14848K, 0% used [0x00000000f8600000,0x00000000f8600000,0x00000000f9480000)
 ParOldGen       total 71168K, used 51016K [0x00000000c0000000, 0x00000000c4580000, 0x00000000eab00000)
  object space 71168K, 71% used [0x00000000c0000000,0x00000000c31d21a0,0x00000000c4580000)
 Metaspace       used 40603K, capacity 41404K, committed 41688K, reserved 1085440K
  class space    used 5553K, capacity 5830K, committed 5888K, reserved 1048576K
}
Event: 23.995 GC heap before
{Heap before GC invocations=15 (full 4):
 PSYoungGen      total 159744K, used 138394K [0x00000000eab00000, 0x00000000f9480000, 0x0000000100000000)
  eden space 144384K, 95% used [0x00000000eab00000,0x00000000f3226b80,0x00000000f3800000)
  from space 15360K, 0% used [0x00000000f3800000,0x00000000f3800000,0x00000000f4700000)
  to   space 14848K, 0% used [0x00000000f8600000,0x00000000f8600000,0x00000000f9480000)
 ParOldGen       total 71168K, used 51016K [0x00000000c0000000, 0x00000000c4580000, 0x00000000eab00000)
  object space 71168K, 71% used [0x00000000c0000000,0x00000000c31d21a0,0x00000000c4580000)
 Metaspace       used 44853K, capacity 45768K, committed 45912K, reserved 1089536K
  class space    used 6193K, capacity 6489K, committed 6528K, reserved 1048576K
Event: 24.057 GC heap after
Heap after GC invocations=15 (full 4):
 PSYoungGen      total 159744K, used 0K [0x00000000eab00000, 0x00000000f9480000, 0x0000000100000000)
  eden space 144384K, 0% used [0x00000000eab00000,0x00000000eab00000,0x00000000f3800000)
  from space 15360K, 0% used [0x00000000f3800000,0x00000000f3800000,0x00000000f4700000)
  to   space 14848K, 0% used [0x00000000f8600000,0x00000000f8600000,0x00000000f9480000)
 ParOldGen       total 71168K, used 30123K [0x00000000c0000000, 0x00000000c4580000, 0x00000000eab00000)
  object space 71168K, 42% used [0x00000000c0000000,0x00000000c1d6ada8,0x00000000c4580000)
 Metaspace       used 44853K, capacity 45768K, committed 45912K, reserved 1089536K
  class space    used 6193K, capacity 6489K, committed 6528K, reserved 1048576K
}
Event: 26.845 GC heap before
{Heap before GC invocations=16 (full 4):
 PSYoungGen      total 159744K, used 144384K [0x00000000eab00000, 0x00000000f9480000, 0x0000000100000000)
  eden space 144384K, 100% used [0x00000000eab00000,0x00000000f3800000,0x00000000f3800000)
  from space 15360K, 0% used [0x00000000f3800000,0x00000000f3800000,0x00000000f4700000)
  to   space 14848K, 0% used [0x00000000f8600000,0x00000000f8600000,0x00000000f9480000)
 ParOldGen       total 71168K, used 30123K [0x00000000c0000000, 0x00000000c4580000, 0x00000000eab00000)
  object space 71168K, 42% used [0x00000000c0000000,0x00000000c1d6ada8,0x00000000c4580000)
 Metaspace       used 49075K, capacity 50178K, committed 50392K, reserved 1093632K
  class space    used 6742K, capacity 7076K, committed 7168K, reserved 1048576K
Event: 26.859 GC heap after
Heap after GC invocations=16 (full 4):
 PSYoungGen      total 204288K, used 10618K [0x00000000eab00000, 0x00000000f9080000, 0x0000000100000000)
  eden space 193536K, 0% used [0x00000000eab00000,0x00000000eab00000,0x00000000f6800000)
  from space 10752K, 98% used [0x00000000f8600000,0x00000000f905eaf8,0x00000000f9080000)
  to   space 15360K, 0% used [0x00000000f7280000,0x00000000f7280000,0x00000000f8180000)
 ParOldGen       total 71168K, used 30131K [0x00000000c0000000, 0x00000000c4580000, 0x00000000eab00000)
  object space 71168K, 42% used [0x00000000c0000000,0x00000000c1d6cda8,0x00000000c4580000)
 Metaspace       used 49075K, capacity 50178K, committed 50392K, reserved 1093632K
  class space    used 6742K, capacity 7076K, committed 7168K, reserved 1048576K
}

